<?xml version="1.0" encoding="UTF-8"?>
<!-- Generated by org.testng.reporters.JUnitReportReporter -->
<testsuite hostname="LAPTOP-434SGT0U" failures="0" tests="1" name="test.Sample" time="6.446" errors="0" timestamp="2023-03-22T09:20:50 IST" skipped="0">
  <testcase classname="test.Sample" name="test1" time="6.446"/>
  <system-out/>
</testsuite> <!-- test.Sample -->
