<?xml version="1.0" encoding="UTF-8"?>
<!-- Generated by org.testng.reporters.JUnitReportReporter -->
<testsuite hostname="LAPTOP-434SGT0U" failures="0" tests="1" name="test.VerifyLogoutFuntionality" time="4.981" errors="0" timestamp="2023-04-25T11:27:36 IST" skipped="0">
  <testcase classname="test.VerifyLogoutFuntionality" name="CustomerIsAbleToLogout" time="4.981"/>
  <system-out/>
</testsuite> <!-- test.VerifyLogoutFuntionality -->
