<?xml version="1.0" encoding="UTF-8"?>
<!-- Generated by org.testng.reporters.JUnitReportReporter -->
<testsuite hostname="LAPTOP-434SGT0U" failures="0" tests="1" name="test.VerifyTheLoginFuntionality" time="1.929" errors="0" timestamp="2023-04-25T10:46:57 IST" skipped="0">
  <testcase classname="test.VerifyTheLoginFuntionality" name="CustomerIsAbleToLogin" time="1.929"/>
  <system-out/>
</testsuite> <!-- test.VerifyTheLoginFuntionality -->
