<?xml version="1.0" encoding="UTF-8"?>
<!-- Generated by org.testng.reporters.JUnitReportReporter -->
<testsuite hostname="LAPTOP-434SGT0U" failures="0" tests="1" name="test.VerifyCheckOutFuntionality" time="5.699" errors="0" timestamp="2023-04-25T11:54:45 IST" skipped="0">
  <testcase classname="test.VerifyCheckOutFuntionality" name="VerifyCheckoutFuntionality" time="5.699"/>
  <system-out/>
</testsuite> <!-- test.VerifyCheckOutFuntionality -->
