<?xml version="1.0" encoding="UTF-8"?>
<!-- Generated by org.testng.reporters.JUnitReportReporter -->
<testsuite hostname="LAPTOP-434SGT0U" failures="0" tests="1" name="test.VerifyAddToCartSwagLabs" time="4.380" errors="0" timestamp="2023-04-25T11:23:29 IST" skipped="0">
  <testcase classname="test.VerifyAddToCartSwagLabs" name="addProductToCart" time="4.380"/>
  <system-out/>
</testsuite> <!-- test.VerifyAddToCartSwagLabs -->
